2018-12-11 00:09:34,706  INFO [main] - java.sql.Driver.connect 16 - Trying to connect
2018-12-11 00:09:34,709  INFO [main] - eg.edu.alexu.csd.oop.jdbc.cs32.model.ConcreteConnection.<init> 34 - Establishing a new Connection
2018-12-11 00:09:34,710  INFO [main] - eg.edu.alexu.csd.oop.jdbc.cs32.model.ConcreteConnection.createStatement 60 - Creatting statement
2018-12-11 00:09:34,712  INFO [main] - eg.edu.alexu.csd.oop.jdbc.cs32.model.ConcreteConnection.createStatement 60 - Creatting statement
2018-12-11 00:09:34,925  INFO [main] - eg.edu.alexu.csd.oop.jdbc.cs32.model.Resultset.<init> 48 - resultSet is created
2018-12-11 00:09:34,925  INFO [main] - eg.edu.alexu.csd.oop.jdbc.cs32.model.Resultset.isClosed 274 - resultSet is not closed
2018-12-11 00:09:34,926  INFO [main] - eg.edu.alexu.csd.oop.jdbc.cs32.model.Resultset.next 329 - setting cursor to the next row
2018-12-11 00:09:34,926  INFO [main] - eg.edu.alexu.csd.oop.jdbc.cs32.model.Resultset.isClosed 274 - resultSet is not closed
2018-12-11 00:09:34,927  INFO [main] - eg.edu.alexu.csd.oop.jdbc.cs32.model.Resultset.next 329 - setting cursor to the next row
2018-12-11 00:09:34,927  INFO [main] - eg.edu.alexu.csd.oop.jdbc.cs32.model.Resultset.isClosed 274 - resultSet is not closed
2018-12-11 00:09:34,927  INFO [main] - eg.edu.alexu.csd.oop.jdbc.cs32.model.Resultset.next 325 - cursor is in the last row
2018-12-11 00:09:34,927  INFO [main] - eg.edu.alexu.csd.oop.jdbc.cs32.model.Resultset.isClosed 274 - resultSet is not closed
2018-12-11 00:09:34,927  INFO [main] - eg.edu.alexu.csd.oop.jdbc.cs32.model.Resultset.getMetaData 178 - MetaData returned successfully
2018-12-11 00:09:34,928  INFO [main] - eg.edu.alexu.csd.oop.jdbc.cs32.model.MetaData.<init> 33 - resultSetMetaData is created
2018-12-11 00:09:34,928  INFO [main] - eg.edu.alexu.csd.oop.jdbc.cs32.model.MetaData.getColumnCount 58 - columns count returned 1
2018-12-11 00:09:34,928  INFO [main] - eg.edu.alexu.csd.oop.jdbc.cs32.model.ConcreteConnection.close 109 - Closing connection
2018-12-11 00:09:34,935  INFO [main] - java.sql.Driver.connect 16 - Trying to connect
2018-12-11 00:09:34,935  INFO [main] - eg.edu.alexu.csd.oop.jdbc.cs32.model.ConcreteConnection.<init> 34 - Establishing a new Connection
2018-12-11 00:09:34,935  INFO [main] - eg.edu.alexu.csd.oop.jdbc.cs32.model.ConcreteConnection.createStatement 60 - Creatting statement
2018-12-11 00:09:34,937  INFO [main] - eg.edu.alexu.csd.oop.jdbc.cs32.model.ConcreteConnection.createStatement 60 - Creatting statement
2018-12-11 00:09:34,991  INFO [main] - eg.edu.alexu.csd.oop.jdbc.cs32.model.ConcreteConnection.close 109 - Closing connection
2018-12-11 00:09:34,996  INFO [main] - java.sql.Driver.connect 16 - Trying to connect
2018-12-11 00:09:34,997  INFO [main] - eg.edu.alexu.csd.oop.jdbc.cs32.model.ConcreteConnection.<init> 34 - Establishing a new Connection
2018-12-11 00:09:34,997  INFO [main] - eg.edu.alexu.csd.oop.jdbc.cs32.model.ConcreteConnection.createStatement 60 - Creatting statement
2018-12-11 00:09:34,998  INFO [main] - eg.edu.alexu.csd.oop.jdbc.cs32.model.ConcreteConnection.createStatement 60 - Creatting statement
2018-12-11 00:09:35,076  INFO [main] - eg.edu.alexu.csd.oop.jdbc.cs32.model.ConcreteConnection.close 109 - Closing connection
2018-12-11 00:09:35,094  INFO [main] - java.sql.Driver.connect 16 - Trying to connect
2018-12-11 00:09:35,094  INFO [main] - eg.edu.alexu.csd.oop.jdbc.cs32.model.ConcreteConnection.<init> 34 - Establishing a new Connection
2018-12-11 00:09:35,094  INFO [main] - eg.edu.alexu.csd.oop.jdbc.cs32.model.ConcreteConnection.createStatement 60 - Creatting statement
2018-12-11 00:09:35,096  INFO [main] - eg.edu.alexu.csd.oop.jdbc.cs32.model.ConcreteConnection.createStatement 60 - Creatting statement
2018-12-11 00:09:35,112  INFO [main] - eg.edu.alexu.csd.oop.jdbc.cs32.model.ConcreteConnection.createStatement 60 - Creatting statement
2018-12-11 00:09:35,115  INFO [main] - eg.edu.alexu.csd.oop.jdbc.cs32.model.ConcreteConnection.close 109 - Closing connection
2018-12-11 00:09:35,121  INFO [main] - java.sql.Driver.connect 16 - Trying to connect
2018-12-11 00:09:35,121  INFO [main] - eg.edu.alexu.csd.oop.jdbc.cs32.model.ConcreteConnection.<init> 34 - Establishing a new Connection
2018-12-11 00:09:35,122  INFO [main] - eg.edu.alexu.csd.oop.jdbc.cs32.model.ConcreteConnection.createStatement 60 - Creatting statement
2018-12-11 00:09:35,123  INFO [main] - eg.edu.alexu.csd.oop.jdbc.cs32.model.ConcreteConnection.createStatement 60 - Creatting statement
2018-12-11 00:09:35,124  INFO [main] - eg.edu.alexu.csd.oop.jdbc.cs32.model.ConcreteConnection.close 109 - Closing connection
2018-12-11 00:09:35,128  INFO [main] - java.sql.Driver.connect 16 - Trying to connect
2018-12-11 00:09:35,128  INFO [main] - eg.edu.alexu.csd.oop.jdbc.cs32.model.ConcreteConnection.<init> 34 - Establishing a new Connection
2018-12-11 00:09:35,128  INFO [main] - eg.edu.alexu.csd.oop.jdbc.cs32.model.ConcreteConnection.createStatement 60 - Creatting statement
2018-12-11 00:09:35,130  INFO [main] - eg.edu.alexu.csd.oop.jdbc.cs32.model.ConcreteConnection.createStatement 60 - Creatting statement
2018-12-11 00:09:35,138  INFO [main] - eg.edu.alexu.csd.oop.jdbc.cs32.model.ConcreteConnection.createStatement 60 - Creatting statement
2018-12-11 00:09:35,140  INFO [main] - eg.edu.alexu.csd.oop.jdbc.cs32.model.ConcreteConnection.createStatement 60 - Creatting statement
2018-12-11 00:09:35,140  INFO [main] - eg.edu.alexu.csd.oop.jdbc.cs32.model.ConcreteConnection.close 109 - Closing connection
2018-12-11 00:09:35,144  INFO [main] - java.sql.Driver.connect 16 - Trying to connect
2018-12-11 00:09:35,144  INFO [main] - eg.edu.alexu.csd.oop.jdbc.cs32.model.ConcreteConnection.<init> 34 - Establishing a new Connection
2018-12-11 00:09:35,145  INFO [main] - eg.edu.alexu.csd.oop.jdbc.cs32.model.ConcreteConnection.createStatement 60 - Creatting statement
2018-12-11 00:09:35,145  INFO [main] - eg.edu.alexu.csd.oop.jdbc.cs32.model.ConcreteConnection.createStatement 60 - Creatting statement
2018-12-11 00:09:35,162  INFO [main] - eg.edu.alexu.csd.oop.jdbc.cs32.model.ConcreteConnection.close 109 - Closing connection
2018-12-11 00:09:35,166  INFO [main] - java.sql.Driver.connect 16 - Trying to connect
2018-12-11 00:09:35,166  INFO [main] - eg.edu.alexu.csd.oop.jdbc.cs32.model.ConcreteConnection.<init> 34 - Establishing a new Connection
2018-12-11 00:09:35,166  INFO [main] - eg.edu.alexu.csd.oop.jdbc.cs32.model.ConcreteConnection.createStatement 60 - Creatting statement
2018-12-11 00:09:35,167  INFO [main] - eg.edu.alexu.csd.oop.jdbc.cs32.model.ConcreteConnection.createStatement 60 - Creatting statement
2018-12-11 00:09:35,205  INFO [main] - eg.edu.alexu.csd.oop.jdbc.cs32.model.ConcreteConnection.close 109 - Closing connection
2018-12-11 00:09:35,211  INFO [main] - java.sql.Driver.connect 16 - Trying to connect
2018-12-11 00:09:35,211  INFO [main] - eg.edu.alexu.csd.oop.jdbc.cs32.model.ConcreteConnection.<init> 34 - Establishing a new Connection
2018-12-11 00:09:35,211  INFO [main] - eg.edu.alexu.csd.oop.jdbc.cs32.model.ConcreteConnection.createStatement 60 - Creatting statement
2018-12-11 00:09:35,213  INFO [main] - eg.edu.alexu.csd.oop.jdbc.cs32.model.ConcreteConnection.createStatement 60 - Creatting statement
2018-12-11 00:09:35,234  INFO [main] - eg.edu.alexu.csd.oop.jdbc.cs32.model.ConcreteConnection.close 109 - Closing connection
2018-12-11 00:09:35,238  INFO [main] - java.sql.Driver.connect 16 - Trying to connect
2018-12-11 00:09:35,238  INFO [main] - eg.edu.alexu.csd.oop.jdbc.cs32.model.ConcreteConnection.<init> 34 - Establishing a new Connection
2018-12-11 00:09:35,238  INFO [main] - eg.edu.alexu.csd.oop.jdbc.cs32.model.ConcreteConnection.createStatement 60 - Creatting statement
2018-12-11 00:09:35,239  INFO [main] - eg.edu.alexu.csd.oop.jdbc.cs32.model.ConcreteConnection.createStatement 60 - Creatting statement
2018-12-11 00:09:35,304  INFO [main] - eg.edu.alexu.csd.oop.jdbc.cs32.model.Resultset.<init> 48 - resultSet is created
2018-12-11 00:09:35,304  INFO [main] - eg.edu.alexu.csd.oop.jdbc.cs32.model.Resultset.isClosed 274 - resultSet is not closed
2018-12-11 00:09:35,305  INFO [main] - eg.edu.alexu.csd.oop.jdbc.cs32.model.Resultset.next 329 - setting cursor to the next row
2018-12-11 00:09:35,305  INFO [main] - eg.edu.alexu.csd.oop.jdbc.cs32.model.Resultset.isClosed 274 - resultSet is not closed
2018-12-11 00:09:35,305  INFO [main] - eg.edu.alexu.csd.oop.jdbc.cs32.model.Resultset.next 329 - setting cursor to the next row
2018-12-11 00:09:35,305  INFO [main] - eg.edu.alexu.csd.oop.jdbc.cs32.model.Resultset.isClosed 274 - resultSet is not closed
2018-12-11 00:09:35,305  INFO [main] - eg.edu.alexu.csd.oop.jdbc.cs32.model.Resultset.next 329 - setting cursor to the next row
2018-12-11 00:09:35,305  INFO [main] - eg.edu.alexu.csd.oop.jdbc.cs32.model.Resultset.isClosed 274 - resultSet is not closed
2018-12-11 00:09:35,305  INFO [main] - eg.edu.alexu.csd.oop.jdbc.cs32.model.Resultset.next 329 - setting cursor to the next row
2018-12-11 00:09:35,305  INFO [main] - eg.edu.alexu.csd.oop.jdbc.cs32.model.Resultset.isClosed 274 - resultSet is not closed
2018-12-11 00:09:35,305  INFO [main] - eg.edu.alexu.csd.oop.jdbc.cs32.model.Resultset.next 325 - cursor is in the last row
2018-12-11 00:09:35,305  INFO [main] - eg.edu.alexu.csd.oop.jdbc.cs32.model.Resultset.isClosed 274 - resultSet is not closed
2018-12-11 00:09:35,306  INFO [main] - eg.edu.alexu.csd.oop.jdbc.cs32.model.Resultset.getMetaData 178 - MetaData returned successfully
2018-12-11 00:09:35,306  INFO [main] - eg.edu.alexu.csd.oop.jdbc.cs32.model.MetaData.<init> 33 - resultSetMetaData is created
2018-12-11 00:09:35,306  INFO [main] - eg.edu.alexu.csd.oop.jdbc.cs32.model.MetaData.getColumnCount 58 - columns count returned 3
2018-12-11 00:09:35,306  INFO [main] - eg.edu.alexu.csd.oop.jdbc.cs32.model.ConcreteConnection.close 109 - Closing connection
2018-12-11 00:09:35,311  INFO [main] - java.sql.Driver.connect 16 - Trying to connect
2018-12-11 00:09:35,311  INFO [main] - eg.edu.alexu.csd.oop.jdbc.cs32.model.ConcreteConnection.<init> 34 - Establishing a new Connection
2018-12-11 00:09:35,311  INFO [main] - eg.edu.alexu.csd.oop.jdbc.cs32.model.ConcreteConnection.createStatement 60 - Creatting statement
2018-12-11 00:09:35,313  INFO [main] - eg.edu.alexu.csd.oop.jdbc.cs32.model.ConcreteConnection.createStatement 60 - Creatting statement
2018-12-11 00:09:35,352  INFO [main] - eg.edu.alexu.csd.oop.jdbc.cs32.model.ConcreteConnection.close 109 - Closing connection
2018-12-11 00:09:35,357  INFO [main] - java.sql.Driver.connect 16 - Trying to connect
2018-12-11 00:09:35,357  INFO [main] - eg.edu.alexu.csd.oop.jdbc.cs32.model.ConcreteConnection.<init> 34 - Establishing a new Connection
2018-12-11 00:09:35,357  INFO [main] - eg.edu.alexu.csd.oop.jdbc.cs32.model.ConcreteConnection.createStatement 60 - Creatting statement
2018-12-11 00:09:35,358  INFO [main] - eg.edu.alexu.csd.oop.jdbc.cs32.model.ConcreteConnection.createStatement 60 - Creatting statement
2018-12-11 00:09:35,377  INFO [main] - eg.edu.alexu.csd.oop.jdbc.cs32.model.ConcreteConnection.close 109 - Closing connection
2018-12-11 00:09:35,381  INFO [main] - java.sql.Driver.connect 16 - Trying to connect
2018-12-11 00:09:35,381  INFO [main] - eg.edu.alexu.csd.oop.jdbc.cs32.model.ConcreteConnection.<init> 34 - Establishing a new Connection
2018-12-11 00:09:35,381  INFO [main] - eg.edu.alexu.csd.oop.jdbc.cs32.model.ConcreteConnection.createStatement 60 - Creatting statement
2018-12-11 00:09:35,382  INFO [main] - eg.edu.alexu.csd.oop.jdbc.cs32.model.ConcreteConnection.createStatement 60 - Creatting statement
2018-12-11 00:09:35,405  INFO [main] - eg.edu.alexu.csd.oop.jdbc.cs32.model.ConcreteConnection.close 109 - Closing connection
2018-12-11 00:09:35,410  INFO [main] - java.sql.Driver.connect 16 - Trying to connect
2018-12-11 00:09:35,410  INFO [main] - eg.edu.alexu.csd.oop.jdbc.cs32.model.ConcreteConnection.<init> 34 - Establishing a new Connection
2018-12-11 00:09:35,410  INFO [main] - eg.edu.alexu.csd.oop.jdbc.cs32.model.ConcreteConnection.createStatement 60 - Creatting statement
2018-12-11 00:09:35,411  INFO [main] - eg.edu.alexu.csd.oop.jdbc.cs32.model.ConcreteConnection.createStatement 60 - Creatting statement
2018-12-11 00:09:35,445  INFO [main] - eg.edu.alexu.csd.oop.jdbc.cs32.model.ConcreteConnection.close 109 - Closing connection
2018-12-11 00:09:35,449  INFO [main] - java.sql.Driver.connect 16 - Trying to connect
2018-12-11 00:09:35,449  INFO [main] - eg.edu.alexu.csd.oop.jdbc.cs32.model.ConcreteConnection.<init> 34 - Establishing a new Connection
2018-12-11 00:09:35,449  INFO [main] - eg.edu.alexu.csd.oop.jdbc.cs32.model.ConcreteConnection.createStatement 60 - Creatting statement
2018-12-11 00:09:35,451  INFO [main] - eg.edu.alexu.csd.oop.jdbc.cs32.model.ConcreteConnection.createStatement 60 - Creatting statement
2018-12-11 00:09:35,456  INFO [main] - eg.edu.alexu.csd.oop.jdbc.cs32.model.ConcreteConnection.createStatement 60 - Creatting statement
2018-12-11 00:09:35,467  INFO [main] - eg.edu.alexu.csd.oop.jdbc.cs32.model.ConcreteConnection.createStatement 60 - Creatting statement
2018-12-11 00:09:35,474  INFO [main] - eg.edu.alexu.csd.oop.jdbc.cs32.model.ConcreteConnection.createStatement 60 - Creatting statement
2018-12-11 00:09:35,493  INFO [main] - eg.edu.alexu.csd.oop.jdbc.cs32.model.ConcreteConnection.createStatement 60 - Creatting statement
2018-12-11 00:09:35,545  INFO [main] - eg.edu.alexu.csd.oop.jdbc.cs32.model.ConcreteConnection.createStatement 60 - Creatting statement
2018-12-11 00:09:35,561  INFO [main] - eg.edu.alexu.csd.oop.jdbc.cs32.model.ConcreteConnection.createStatement 60 - Creatting statement
2018-12-11 00:09:35,580  INFO [main] - eg.edu.alexu.csd.oop.jdbc.cs32.model.ConcreteConnection.createStatement 60 - Creatting statement
2018-12-11 00:09:35,592  INFO [main] - eg.edu.alexu.csd.oop.jdbc.cs32.model.ConcreteConnection.close 109 - Closing connection
2018-12-11 00:09:35,596  INFO [main] - java.sql.Driver.connect 16 - Trying to connect
2018-12-11 00:09:35,596  INFO [main] - eg.edu.alexu.csd.oop.jdbc.cs32.model.ConcreteConnection.<init> 34 - Establishing a new Connection
2018-12-11 00:09:35,596  INFO [main] - eg.edu.alexu.csd.oop.jdbc.cs32.model.ConcreteConnection.createStatement 60 - Creatting statement
2018-12-11 00:09:35,597  INFO [main] - eg.edu.alexu.csd.oop.jdbc.cs32.model.ConcreteConnection.createStatement 60 - Creatting statement
2018-12-11 00:09:35,640  INFO [main] - eg.edu.alexu.csd.oop.jdbc.cs32.model.ConcreteConnection.close 109 - Closing connection
2018-12-11 00:09:35,645  INFO [main] - java.sql.Driver.connect 16 - Trying to connect
2018-12-11 00:09:35,645  INFO [main] - eg.edu.alexu.csd.oop.jdbc.cs32.model.ConcreteConnection.<init> 34 - Establishing a new Connection
2018-12-11 00:09:35,646  INFO [main] - eg.edu.alexu.csd.oop.jdbc.cs32.model.ConcreteConnection.createStatement 60 - Creatting statement
2018-12-11 00:09:35,647  INFO [main] - eg.edu.alexu.csd.oop.jdbc.cs32.model.ConcreteConnection.createStatement 60 - Creatting statement
2018-12-11 00:09:35,673  INFO [main] - eg.edu.alexu.csd.oop.jdbc.cs32.model.ConcreteConnection.close 109 - Closing connection
2018-12-11 00:09:35,679  INFO [main] - java.sql.Driver.connect 16 - Trying to connect
2018-12-11 00:09:35,679  INFO [main] - eg.edu.alexu.csd.oop.jdbc.cs32.model.ConcreteConnection.<init> 34 - Establishing a new Connection
2018-12-11 00:09:35,679  INFO [main] - eg.edu.alexu.csd.oop.jdbc.cs32.model.ConcreteConnection.createStatement 60 - Creatting statement
2018-12-11 00:09:35,681  INFO [main] - eg.edu.alexu.csd.oop.jdbc.cs32.model.ConcreteConnection.createStatement 60 - Creatting statement
2018-12-11 00:09:35,742  INFO [main] - eg.edu.alexu.csd.oop.jdbc.cs32.model.ConcreteConnection.close 109 - Closing connection
2018-12-11 00:09:35,747  INFO [main] - java.sql.Driver.connect 16 - Trying to connect
2018-12-11 00:09:35,748  INFO [main] - eg.edu.alexu.csd.oop.jdbc.cs32.model.ConcreteConnection.<init> 34 - Establishing a new Connection
2018-12-11 00:09:35,748  INFO [main] - eg.edu.alexu.csd.oop.jdbc.cs32.model.ConcreteConnection.createStatement 60 - Creatting statement
2018-12-11 00:09:35,749  INFO [main] - eg.edu.alexu.csd.oop.jdbc.cs32.model.ConcreteConnection.createStatement 60 - Creatting statement
2018-12-11 00:09:35,825  INFO [main] - eg.edu.alexu.csd.oop.jdbc.cs32.model.Resultset.<init> 48 - resultSet is created
2018-12-11 00:09:35,826  INFO [main] - eg.edu.alexu.csd.oop.jdbc.cs32.model.Resultset.isClosed 274 - resultSet is not closed
2018-12-11 00:09:35,826  INFO [main] - eg.edu.alexu.csd.oop.jdbc.cs32.model.Resultset.next 329 - setting cursor to the next row
2018-12-11 00:09:35,826  INFO [main] - eg.edu.alexu.csd.oop.jdbc.cs32.model.Resultset.isClosed 274 - resultSet is not closed
2018-12-11 00:09:35,826  INFO [main] - eg.edu.alexu.csd.oop.jdbc.cs32.model.Resultset.next 325 - cursor is in the last row
2018-12-11 00:09:35,826  INFO [main] - eg.edu.alexu.csd.oop.jdbc.cs32.model.Resultset.isClosed 274 - resultSet is not closed
2018-12-11 00:09:35,826  INFO [main] - eg.edu.alexu.csd.oop.jdbc.cs32.model.Resultset.getMetaData 178 - MetaData returned successfully
2018-12-11 00:09:35,826  INFO [main] - eg.edu.alexu.csd.oop.jdbc.cs32.model.MetaData.<init> 33 - resultSetMetaData is created
2018-12-11 00:09:35,826  INFO [main] - eg.edu.alexu.csd.oop.jdbc.cs32.model.MetaData.getColumnCount 58 - columns count returned 3
2018-12-11 00:09:35,842  INFO [main] - eg.edu.alexu.csd.oop.jdbc.cs32.model.Resultset.<init> 48 - resultSet is created
2018-12-11 00:09:35,842  INFO [main] - eg.edu.alexu.csd.oop.jdbc.cs32.model.Resultset.isClosed 274 - resultSet is not closed
2018-12-11 00:09:35,842  INFO [main] - eg.edu.alexu.csd.oop.jdbc.cs32.model.Resultset.next 329 - setting cursor to the next row
2018-12-11 00:09:35,842  INFO [main] - eg.edu.alexu.csd.oop.jdbc.cs32.model.Resultset.isClosed 274 - resultSet is not closed
2018-12-11 00:09:35,842  INFO [main] - eg.edu.alexu.csd.oop.jdbc.cs32.model.Resultset.next 329 - setting cursor to the next row
2018-12-11 00:09:35,842  INFO [main] - eg.edu.alexu.csd.oop.jdbc.cs32.model.Resultset.isClosed 274 - resultSet is not closed
2018-12-11 00:09:35,842  INFO [main] - eg.edu.alexu.csd.oop.jdbc.cs32.model.Resultset.next 325 - cursor is in the last row
2018-12-11 00:09:35,842  INFO [main] - eg.edu.alexu.csd.oop.jdbc.cs32.model.Resultset.isClosed 274 - resultSet is not closed
2018-12-11 00:09:35,843  INFO [main] - eg.edu.alexu.csd.oop.jdbc.cs32.model.Resultset.getMetaData 178 - MetaData returned successfully
2018-12-11 00:09:35,843  INFO [main] - eg.edu.alexu.csd.oop.jdbc.cs32.model.MetaData.<init> 33 - resultSetMetaData is created
2018-12-11 00:09:35,843  INFO [main] - eg.edu.alexu.csd.oop.jdbc.cs32.model.MetaData.getColumnCount 58 - columns count returned 3
2018-12-11 00:09:35,843  INFO [main] - eg.edu.alexu.csd.oop.jdbc.cs32.model.Resultset.isClosed 274 - resultSet is not closed
2018-12-11 00:09:35,843  INFO [main] - eg.edu.alexu.csd.oop.jdbc.cs32.model.Resultset.previous 344 - setting cursor to the previous row
2018-12-11 00:09:35,843  INFO [main] - eg.edu.alexu.csd.oop.jdbc.cs32.model.Resultset.isClosed 274 - resultSet is not closed
2018-12-11 00:09:35,843  INFO [main] - eg.edu.alexu.csd.oop.jdbc.cs32.model.Resultset.previous 344 - setting cursor to the previous row
2018-12-11 00:09:35,843  INFO [main] - eg.edu.alexu.csd.oop.jdbc.cs32.model.Resultset.isClosed 274 - resultSet is not closed
2018-12-11 00:09:35,844  INFO [main] - eg.edu.alexu.csd.oop.jdbc.cs32.model.Resultset.previous 344 - setting cursor to the previous row
2018-12-11 00:09:35,844  INFO [main] - eg.edu.alexu.csd.oop.jdbc.cs32.model.Resultset.isClosed 274 - resultSet is not closed
2018-12-11 00:09:35,844  INFO [main] - eg.edu.alexu.csd.oop.jdbc.cs32.model.Resultset.previous 340 - cursor is in the first row
2018-12-11 00:09:35,844  INFO [main] - eg.edu.alexu.csd.oop.jdbc.cs32.model.Resultset.isClosed 274 - resultSet is not closed
2018-12-11 00:09:35,844  INFO [main] - eg.edu.alexu.csd.oop.jdbc.cs32.model.Resultset.next 329 - setting cursor to the next row
2018-12-11 00:09:35,844  INFO [main] - eg.edu.alexu.csd.oop.jdbc.cs32.model.Resultset.isClosed 274 - resultSet is not closed
2018-12-11 00:09:35,844  INFO [main] - eg.edu.alexu.csd.oop.jdbc.cs32.model.Resultset.getObject 191 - object in this column is returned successfully
2018-12-11 00:09:35,844  INFO [main] - eg.edu.alexu.csd.oop.jdbc.cs32.model.ConcreteConnection.close 109 - Closing connection
2018-12-11 18:07:27,718  INFO [AWT-EventQueue-0] - java.sql.Driver.connect 16 - Trying to connect
2018-12-11 18:07:27,919  INFO [AWT-EventQueue-0] - eg.edu.alexu.csd.oop.jdbc.cs32.model.ConcreteConnection.<init> 34 - Establishing a new Connection
2018-12-11 18:07:38,135  INFO [AWT-EventQueue-0] - eg.edu.alexu.csd.oop.jdbc.cs32.model.ConcreteConnection.createStatement 60 - Creatting statement
2018-12-11 18:07:51,825  INFO [AWT-EventQueue-0] - eg.edu.alexu.csd.oop.jdbc.cs32.model.ConcreteConnection.createStatement 60 - Creatting statement
2018-12-11 18:08:08,907  INFO [AWT-EventQueue-0] - eg.edu.alexu.csd.oop.jdbc.cs32.model.ConcreteConnection.createStatement 60 - Creatting statement
2018-12-11 18:08:22,914  INFO [AWT-EventQueue-0] - eg.edu.alexu.csd.oop.jdbc.cs32.model.ConcreteConnection.createStatement 60 - Creatting statement
2018-12-11 18:08:28,963  INFO [AWT-EventQueue-0] - eg.edu.alexu.csd.oop.jdbc.cs32.model.ConcreteConnection.createStatement 60 - Creatting statement
2018-12-11 18:08:29,063  INFO [AWT-EventQueue-0] - eg.edu.alexu.csd.oop.jdbc.cs32.model.Resultset.<init> 48 - resultSet is created
2018-12-11 18:08:29,063  INFO [AWT-EventQueue-0] - eg.edu.alexu.csd.oop.jdbc.cs32.model.Resultset.isClosed 274 - resultSet is not closed
2018-12-11 18:08:29,063  INFO [AWT-EventQueue-0] - eg.edu.alexu.csd.oop.jdbc.cs32.model.Resultset.getMetaData 178 - MetaData returned successfully
2018-12-11 18:08:29,179  INFO [AWT-EventQueue-0] - eg.edu.alexu.csd.oop.jdbc.cs32.model.MetaData.<init> 33 - resultSetMetaData is created
2018-12-11 18:08:29,179  INFO [AWT-EventQueue-0] - eg.edu.alexu.csd.oop.jdbc.cs32.model.MetaData.getColumnCount 58 - columns count returned 1
2018-12-11 18:08:29,179  INFO [AWT-EventQueue-0] - eg.edu.alexu.csd.oop.jdbc.cs32.model.MetaData.getColumnName 75 - column name returned
2018-12-11 18:08:29,179  INFO [AWT-EventQueue-0] - eg.edu.alexu.csd.oop.jdbc.cs32.model.Resultset.isClosed 274 - resultSet is not closed
2018-12-11 18:08:29,179  INFO [AWT-EventQueue-0] - eg.edu.alexu.csd.oop.jdbc.cs32.model.Resultset.next 329 - setting cursor to the next row
2018-12-11 18:08:29,179  INFO [AWT-EventQueue-0] - eg.edu.alexu.csd.oop.jdbc.cs32.model.Resultset.isClosed 274 - resultSet is not closed
2018-12-11 18:08:29,179  INFO [AWT-EventQueue-0] - eg.edu.alexu.csd.oop.jdbc.cs32.model.Resultset.getString 222 - out of resultSet boundries, a null string is returned
2018-12-11 18:08:29,179  INFO [AWT-EventQueue-0] - eg.edu.alexu.csd.oop.jdbc.cs32.model.Resultset.isClosed 274 - resultSet is not closed
2018-12-11 18:08:29,179  INFO [AWT-EventQueue-0] - eg.edu.alexu.csd.oop.jdbc.cs32.model.Resultset.next 325 - cursor is in the last row
2018-12-11 18:08:52,084  INFO [AWT-EventQueue-0] - eg.edu.alexu.csd.oop.jdbc.cs32.model.ConcreteConnection.createStatement 60 - Creatting statement
2018-12-11 18:08:52,106  INFO [AWT-EventQueue-0] - eg.edu.alexu.csd.oop.jdbc.cs32.model.Resultset.<init> 48 - resultSet is created
2018-12-11 18:08:52,106  INFO [AWT-EventQueue-0] - eg.edu.alexu.csd.oop.jdbc.cs32.model.Resultset.isClosed 274 - resultSet is not closed
2018-12-11 18:08:52,106  INFO [AWT-EventQueue-0] - eg.edu.alexu.csd.oop.jdbc.cs32.model.Resultset.getMetaData 178 - MetaData returned successfully
2018-12-11 18:08:52,106  INFO [AWT-EventQueue-0] - eg.edu.alexu.csd.oop.jdbc.cs32.model.MetaData.<init> 33 - resultSetMetaData is created
2018-12-11 18:08:52,106  INFO [AWT-EventQueue-0] - eg.edu.alexu.csd.oop.jdbc.cs32.model.MetaData.getColumnCount 58 - columns count returned 1
2018-12-11 18:08:52,106  INFO [AWT-EventQueue-0] - eg.edu.alexu.csd.oop.jdbc.cs32.model.MetaData.getColumnName 75 - column name returned
2018-12-11 18:08:52,106  INFO [AWT-EventQueue-0] - eg.edu.alexu.csd.oop.jdbc.cs32.model.Resultset.isClosed 274 - resultSet is not closed
2018-12-11 18:08:52,106  INFO [AWT-EventQueue-0] - eg.edu.alexu.csd.oop.jdbc.cs32.model.Resultset.next 329 - setting cursor to the next row
2018-12-11 18:08:52,106  INFO [AWT-EventQueue-0] - eg.edu.alexu.csd.oop.jdbc.cs32.model.Resultset.isClosed 274 - resultSet is not closed
2018-12-11 18:08:52,106  INFO [AWT-EventQueue-0] - eg.edu.alexu.csd.oop.jdbc.cs32.model.Resultset.getString 222 - out of resultSet boundries, a null string is returned
2018-12-11 18:08:52,106  INFO [AWT-EventQueue-0] - eg.edu.alexu.csd.oop.jdbc.cs32.model.Resultset.isClosed 274 - resultSet is not closed
2018-12-11 18:08:52,106  INFO [AWT-EventQueue-0] - eg.edu.alexu.csd.oop.jdbc.cs32.model.Resultset.next 325 - cursor is in the last row
2018-12-11 18:09:04,057  INFO [AWT-EventQueue-0] - eg.edu.alexu.csd.oop.jdbc.cs32.model.ConcreteConnection.createStatement 60 - Creatting statement
2018-12-11 18:09:12,644  INFO [AWT-EventQueue-0] - eg.edu.alexu.csd.oop.jdbc.cs32.model.ConcreteConnection.createStatement 60 - Creatting statement
2018-12-11 18:09:12,660  INFO [AWT-EventQueue-0] - eg.edu.alexu.csd.oop.jdbc.cs32.model.Resultset.<init> 48 - resultSet is created
2018-12-11 18:09:12,660  INFO [AWT-EventQueue-0] - eg.edu.alexu.csd.oop.jdbc.cs32.model.Resultset.isClosed 274 - resultSet is not closed
2018-12-11 18:09:12,660  INFO [AWT-EventQueue-0] - eg.edu.alexu.csd.oop.jdbc.cs32.model.Resultset.getMetaData 178 - MetaData returned successfully
2018-12-11 18:09:12,660  INFO [AWT-EventQueue-0] - eg.edu.alexu.csd.oop.jdbc.cs32.model.MetaData.<init> 33 - resultSetMetaData is created
2018-12-11 18:09:12,660  INFO [AWT-EventQueue-0] - eg.edu.alexu.csd.oop.jdbc.cs32.model.MetaData.getColumnCount 58 - columns count returned 1
2018-12-11 18:09:12,660  INFO [AWT-EventQueue-0] - eg.edu.alexu.csd.oop.jdbc.cs32.model.MetaData.getColumnName 75 - column name returned
2018-12-11 18:09:12,660  INFO [AWT-EventQueue-0] - eg.edu.alexu.csd.oop.jdbc.cs32.model.Resultset.isClosed 274 - resultSet is not closed
2018-12-11 18:09:12,660  INFO [AWT-EventQueue-0] - eg.edu.alexu.csd.oop.jdbc.cs32.model.Resultset.next 329 - setting cursor to the next row
2018-12-11 18:09:12,660  INFO [AWT-EventQueue-0] - eg.edu.alexu.csd.oop.jdbc.cs32.model.Resultset.isClosed 274 - resultSet is not closed
2018-12-11 18:09:12,660  INFO [AWT-EventQueue-0] - eg.edu.alexu.csd.oop.jdbc.cs32.model.Resultset.getString 222 - out of resultSet boundries, a null string is returned
2018-12-11 18:09:12,660  INFO [AWT-EventQueue-0] - eg.edu.alexu.csd.oop.jdbc.cs32.model.Resultset.isClosed 274 - resultSet is not closed
2018-12-11 18:09:12,660  INFO [AWT-EventQueue-0] - eg.edu.alexu.csd.oop.jdbc.cs32.model.Resultset.next 329 - setting cursor to the next row
2018-12-11 18:09:12,660  INFO [AWT-EventQueue-0] - eg.edu.alexu.csd.oop.jdbc.cs32.model.Resultset.isClosed 274 - resultSet is not closed
2018-12-11 18:09:12,660  INFO [AWT-EventQueue-0] - eg.edu.alexu.csd.oop.jdbc.cs32.model.Resultset.getString 222 - out of resultSet boundries, a null string is returned
2018-12-11 18:09:12,660  INFO [AWT-EventQueue-0] - eg.edu.alexu.csd.oop.jdbc.cs32.model.Resultset.isClosed 274 - resultSet is not closed
2018-12-11 18:09:12,660  INFO [AWT-EventQueue-0] - eg.edu.alexu.csd.oop.jdbc.cs32.model.Resultset.next 325 - cursor is in the last row
2018-12-11 18:09:21,679  INFO [AWT-EventQueue-0] - eg.edu.alexu.csd.oop.jdbc.cs32.model.ConcreteConnection.close 109 - Closing connection
2018-12-11 18:20:12,069  INFO [AWT-EventQueue-0] - java.sql.Driver.connect 16 - Trying to connect
2018-12-11 18:20:12,080  INFO [AWT-EventQueue-0] - eg.edu.alexu.csd.oop.jdbc.cs32.model.ConcreteConnection.<init> 34 - Establishing a new Connection
2018-12-11 18:20:24,885  INFO [AWT-EventQueue-0] - eg.edu.alexu.csd.oop.jdbc.cs32.model.ConcreteConnection.createStatement 60 - Creatting statement
2018-12-11 18:20:45,563  INFO [AWT-EventQueue-0] - eg.edu.alexu.csd.oop.jdbc.cs32.model.ConcreteConnection.createStatement 60 - Creatting statement
2018-12-11 18:21:11,151  INFO [AWT-EventQueue-0] - eg.edu.alexu.csd.oop.jdbc.cs32.model.ConcreteConnection.createStatement 60 - Creatting statement
2018-12-11 18:21:22,204  INFO [AWT-EventQueue-0] - eg.edu.alexu.csd.oop.jdbc.cs32.model.ConcreteConnection.createStatement 60 - Creatting statement
2018-12-11 18:21:28,656  INFO [AWT-EventQueue-0] - eg.edu.alexu.csd.oop.jdbc.cs32.model.ConcreteConnection.createStatement 60 - Creatting statement
2018-12-11 18:21:28,684  INFO [AWT-EventQueue-0] - eg.edu.alexu.csd.oop.jdbc.cs32.model.Resultset.<init> 48 - resultSet is created
2018-12-11 18:21:28,684  INFO [AWT-EventQueue-0] - eg.edu.alexu.csd.oop.jdbc.cs32.model.Resultset.isClosed 274 - resultSet is not closed
2018-12-11 18:21:28,684  INFO [AWT-EventQueue-0] - eg.edu.alexu.csd.oop.jdbc.cs32.model.Resultset.getMetaData 178 - MetaData returned successfully
2018-12-11 18:21:28,684  INFO [AWT-EventQueue-0] - eg.edu.alexu.csd.oop.jdbc.cs32.model.MetaData.<init> 33 - resultSetMetaData is created
2018-12-11 18:21:28,684  INFO [AWT-EventQueue-0] - eg.edu.alexu.csd.oop.jdbc.cs32.model.MetaData.getColumnCount 58 - columns count returned 1
2018-12-11 18:21:28,684  INFO [AWT-EventQueue-0] - eg.edu.alexu.csd.oop.jdbc.cs32.model.MetaData.getColumnName 75 - column name returned
2018-12-11 18:21:28,684  INFO [AWT-EventQueue-0] - eg.edu.alexu.csd.oop.jdbc.cs32.model.Resultset.isClosed 274 - resultSet is not closed
2018-12-11 18:21:28,684  INFO [AWT-EventQueue-0] - eg.edu.alexu.csd.oop.jdbc.cs32.model.Resultset.next 329 - setting cursor to the next row
2018-12-11 18:21:28,684  INFO [AWT-EventQueue-0] - eg.edu.alexu.csd.oop.jdbc.cs32.model.Resultset.isClosed 274 - resultSet is not closed
2018-12-11 18:21:28,684  INFO [AWT-EventQueue-0] - eg.edu.alexu.csd.oop.jdbc.cs32.model.Resultset.getObject 198 - out of resultSet boundries, a null object is returned
2018-12-11 18:22:27,269  INFO [AWT-EventQueue-0] - eg.edu.alexu.csd.oop.jdbc.cs32.model.ConcreteConnection.createStatement 60 - Creatting statement
2018-12-11 18:22:27,283  INFO [AWT-EventQueue-0] - eg.edu.alexu.csd.oop.jdbc.cs32.model.Resultset.<init> 48 - resultSet is created
2018-12-11 18:22:27,283  INFO [AWT-EventQueue-0] - eg.edu.alexu.csd.oop.jdbc.cs32.model.Resultset.isClosed 274 - resultSet is not closed
2018-12-11 18:22:27,283  INFO [AWT-EventQueue-0] - eg.edu.alexu.csd.oop.jdbc.cs32.model.Resultset.getMetaData 178 - MetaData returned successfully
2018-12-11 18:22:27,283  INFO [AWT-EventQueue-0] - eg.edu.alexu.csd.oop.jdbc.cs32.model.MetaData.<init> 33 - resultSetMetaData is created
2018-12-11 18:22:27,283  INFO [AWT-EventQueue-0] - eg.edu.alexu.csd.oop.jdbc.cs32.model.MetaData.getColumnCount 58 - columns count returned 1
2018-12-11 18:22:27,283  INFO [AWT-EventQueue-0] - eg.edu.alexu.csd.oop.jdbc.cs32.model.MetaData.getColumnName 75 - column name returned
2018-12-11 18:22:27,283  INFO [AWT-EventQueue-0] - eg.edu.alexu.csd.oop.jdbc.cs32.model.Resultset.isClosed 274 - resultSet is not closed
2018-12-11 18:22:27,283  INFO [AWT-EventQueue-0] - eg.edu.alexu.csd.oop.jdbc.cs32.model.Resultset.next 329 - setting cursor to the next row
2018-12-11 18:22:27,283  INFO [AWT-EventQueue-0] - eg.edu.alexu.csd.oop.jdbc.cs32.model.Resultset.isClosed 274 - resultSet is not closed
2018-12-11 18:22:27,283  INFO [AWT-EventQueue-0] - eg.edu.alexu.csd.oop.jdbc.cs32.model.Resultset.getObject 198 - out of resultSet boundries, a null object is returned
2018-12-11 18:23:13,278  INFO [AWT-EventQueue-0] - eg.edu.alexu.csd.oop.jdbc.cs32.model.ConcreteConnection.createStatement 60 - Creatting statement
2018-12-11 18:23:20,318  INFO [AWT-EventQueue-0] - eg.edu.alexu.csd.oop.jdbc.cs32.model.ConcreteConnection.createStatement 60 - Creatting statement
2018-12-11 18:23:20,339  INFO [AWT-EventQueue-0] - eg.edu.alexu.csd.oop.jdbc.cs32.model.Resultset.<init> 48 - resultSet is created
2018-12-11 18:23:20,339  INFO [AWT-EventQueue-0] - eg.edu.alexu.csd.oop.jdbc.cs32.model.Resultset.isClosed 274 - resultSet is not closed
2018-12-11 18:23:20,339  INFO [AWT-EventQueue-0] - eg.edu.alexu.csd.oop.jdbc.cs32.model.Resultset.getMetaData 178 - MetaData returned successfully
2018-12-11 18:23:20,339  INFO [AWT-EventQueue-0] - eg.edu.alexu.csd.oop.jdbc.cs32.model.MetaData.<init> 33 - resultSetMetaData is created
2018-12-11 18:23:20,339  INFO [AWT-EventQueue-0] - eg.edu.alexu.csd.oop.jdbc.cs32.model.MetaData.getColumnCount 58 - columns count returned 1
2018-12-11 18:23:20,339  INFO [AWT-EventQueue-0] - eg.edu.alexu.csd.oop.jdbc.cs32.model.MetaData.getColumnName 75 - column name returned
2018-12-11 18:23:20,339  INFO [AWT-EventQueue-0] - eg.edu.alexu.csd.oop.jdbc.cs32.model.Resultset.isClosed 274 - resultSet is not closed
2018-12-11 18:23:20,339  INFO [AWT-EventQueue-0] - eg.edu.alexu.csd.oop.jdbc.cs32.model.Resultset.next 329 - setting cursor to the next row
2018-12-11 18:23:20,339  INFO [AWT-EventQueue-0] - eg.edu.alexu.csd.oop.jdbc.cs32.model.Resultset.isClosed 274 - resultSet is not closed
2018-12-11 18:23:20,339  INFO [AWT-EventQueue-0] - eg.edu.alexu.csd.oop.jdbc.cs32.model.Resultset.getObject 198 - out of resultSet boundries, a null object is returned
2018-12-11 18:23:47,827  INFO [AWT-EventQueue-0] - eg.edu.alexu.csd.oop.jdbc.cs32.model.ConcreteConnection.close 109 - Closing connection
2018-12-11 18:28:14,059  INFO [AWT-EventQueue-0] - java.sql.Driver.connect 16 - Trying to connect
2018-12-11 18:28:14,070  INFO [AWT-EventQueue-0] - eg.edu.alexu.csd.oop.jdbc.cs32.model.ConcreteConnection.<init> 34 - Establishing a new Connection
2018-12-11 18:28:14,698  INFO [AWT-EventQueue-0] - eg.edu.alexu.csd.oop.jdbc.cs32.model.ConcreteConnection.createStatement 60 - Creatting statement
2018-12-11 18:28:26,033  INFO [AWT-EventQueue-0] - eg.edu.alexu.csd.oop.jdbc.cs32.model.ConcreteConnection.createStatement 60 - Creatting statement
2018-12-11 18:28:47,709  INFO [AWT-EventQueue-0] - eg.edu.alexu.csd.oop.jdbc.cs32.model.ConcreteConnection.createStatement 60 - Creatting statement
2018-12-11 18:28:55,247  INFO [AWT-EventQueue-0] - eg.edu.alexu.csd.oop.jdbc.cs32.model.ConcreteConnection.createStatement 60 - Creatting statement
2018-12-11 18:28:55,269  INFO [AWT-EventQueue-0] - eg.edu.alexu.csd.oop.jdbc.cs32.model.Resultset.<init> 48 - resultSet is created
2018-12-11 18:28:55,269  INFO [AWT-EventQueue-0] - eg.edu.alexu.csd.oop.jdbc.cs32.model.Resultset.isClosed 274 - resultSet is not closed
2018-12-11 18:28:55,269  INFO [AWT-EventQueue-0] - eg.edu.alexu.csd.oop.jdbc.cs32.model.Resultset.getMetaData 178 - MetaData returned successfully
2018-12-11 18:28:55,269  INFO [AWT-EventQueue-0] - eg.edu.alexu.csd.oop.jdbc.cs32.model.MetaData.<init> 33 - resultSetMetaData is created
2018-12-11 18:28:55,269  INFO [AWT-EventQueue-0] - eg.edu.alexu.csd.oop.jdbc.cs32.model.MetaData.getColumnCount 58 - columns count returned 1
2018-12-11 18:28:55,269  INFO [AWT-EventQueue-0] - eg.edu.alexu.csd.oop.jdbc.cs32.model.MetaData.getColumnName 75 - column name returned
2018-12-11 18:28:55,269  INFO [AWT-EventQueue-0] - eg.edu.alexu.csd.oop.jdbc.cs32.model.Resultset.isClosed 274 - resultSet is not closed
2018-12-11 18:28:55,269  INFO [AWT-EventQueue-0] - eg.edu.alexu.csd.oop.jdbc.cs32.model.Resultset.next 329 - setting cursor to the next row
2018-12-11 18:28:55,269  INFO [AWT-EventQueue-0] - eg.edu.alexu.csd.oop.jdbc.cs32.model.Resultset.isClosed 274 - resultSet is not closed
2018-12-11 18:28:55,269  INFO [AWT-EventQueue-0] - eg.edu.alexu.csd.oop.jdbc.cs32.model.Resultset.getObject 198 - out of resultSet boundries, a null object is returned
2018-12-11 18:28:55,269  INFO [AWT-EventQueue-0] - eg.edu.alexu.csd.oop.jdbc.cs32.model.Resultset.isClosed 274 - resultSet is not closed
2018-12-11 18:28:55,269  INFO [AWT-EventQueue-0] - eg.edu.alexu.csd.oop.jdbc.cs32.model.Resultset.next 325 - cursor is in the last row
2018-12-11 18:29:21,243  INFO [AWT-EventQueue-0] - eg.edu.alexu.csd.oop.jdbc.cs32.model.ConcreteConnection.createStatement 60 - Creatting statement
2018-12-11 18:29:21,253  INFO [AWT-EventQueue-0] - eg.edu.alexu.csd.oop.jdbc.cs32.model.Resultset.<init> 48 - resultSet is created
2018-12-11 18:29:21,253  INFO [AWT-EventQueue-0] - eg.edu.alexu.csd.oop.jdbc.cs32.model.Resultset.isClosed 274 - resultSet is not closed
2018-12-11 18:29:21,253  INFO [AWT-EventQueue-0] - eg.edu.alexu.csd.oop.jdbc.cs32.model.Resultset.getMetaData 178 - MetaData returned successfully
2018-12-11 18:29:21,253  INFO [AWT-EventQueue-0] - eg.edu.alexu.csd.oop.jdbc.cs32.model.MetaData.<init> 33 - resultSetMetaData is created
2018-12-11 18:29:21,253  INFO [AWT-EventQueue-0] - eg.edu.alexu.csd.oop.jdbc.cs32.model.MetaData.getColumnCount 58 - columns count returned 1
2018-12-11 18:29:21,253  INFO [AWT-EventQueue-0] - eg.edu.alexu.csd.oop.jdbc.cs32.model.MetaData.getColumnName 75 - column name returned
2018-12-11 18:29:21,253  INFO [AWT-EventQueue-0] - eg.edu.alexu.csd.oop.jdbc.cs32.model.Resultset.isClosed 274 - resultSet is not closed
2018-12-11 18:29:21,253  INFO [AWT-EventQueue-0] - eg.edu.alexu.csd.oop.jdbc.cs32.model.Resultset.next 329 - setting cursor to the next row
2018-12-11 18:29:21,253  INFO [AWT-EventQueue-0] - eg.edu.alexu.csd.oop.jdbc.cs32.model.Resultset.isClosed 274 - resultSet is not closed
2018-12-11 18:29:21,253  INFO [AWT-EventQueue-0] - eg.edu.alexu.csd.oop.jdbc.cs32.model.Resultset.getObject 198 - out of resultSet boundries, a null object is returned
2018-12-11 18:29:21,253  INFO [AWT-EventQueue-0] - eg.edu.alexu.csd.oop.jdbc.cs32.model.Resultset.isClosed 274 - resultSet is not closed
2018-12-11 18:29:21,253  INFO [AWT-EventQueue-0] - eg.edu.alexu.csd.oop.jdbc.cs32.model.Resultset.next 325 - cursor is in the last row
2018-12-11 18:29:33,411  INFO [AWT-EventQueue-0] - eg.edu.alexu.csd.oop.jdbc.cs32.model.ConcreteConnection.close 109 - Closing connection
